<?xml version="1.0" encoding="UTF-8"?>
<testsuites name="LoginUser2" time="14" tests="1" failures="0" errors="0">
   <testsuite name="LoginUser2" tests="1" failures="0" errors="0" time="14" timestamp="2018-07-09 09:14:08" hostname="Timmy.Antonio - AntonioPC" id="Test Suites/Login/LoginUser2">
      <properties>
         <property name="deviceName" value=""/>
         <property name="devicePlatform" value=""/>
         <property name="logFolder" value="C:\\Users\\TimmyAntonio\\QA\\Katalon-CB\\Reports\\Login\\LoginUser2\\20180709_091406"/>
         <property name="logFiles" value="C:\\Users\\TimmyAntonio\\QA\\Katalon-CB\\Reports\\Login\\LoginUser2\\20180709_091406\\execution0.log"/>
         <property name="attachments" value=""/>
         <property name="hostName" value="Timmy.Antonio - AntonioPC"/>
         <property name="os" value="Windows 10 64bit"/>
         <property name="katalonVersion" value="5.4.2.1"/>
         <property name="browser" value="Chrome 67.0.3396.99"/>
         <property name="hostAddress" value="10.0.75.1"/>
         <property name="sessionId" value="8cdfcc696d4c1dc634569ca550d9a603"/>
         <property name="seleniumVersion" value="3.7.1"/>
         <property name="proxyInformation" value="ProxyInformation{proxyOption=NO_PROXY, proxyServerType=HTTP, password=, proxyServerAddress=, proxyServerPort=0}"/>
         <property name="platform" value="Windows 10"/>
      </properties>
      <testcase name="Test Cases/LoginUser2" classname="Test Cases/LoginUser2" status="PASSED">
         <system-out><![CDATA[2018-07-09 09:14:09 - [TEST_CASE][PASSED] - Test Cases/LoginUser2: Test Cases/LoginUser2

2018-07-09 09:14:09 - [TEST_STEP][PASSED] - openBrowser: Browser is opened with url: 'https://institution-test.clearbank.co.uk'

2018-07-09 09:14:14 - [MESSAGE][PASSED] - Browser is opened with url: 'https://institution-test.clearbank.co.uk'

2018-07-09 09:14:14 - [TEST_STEP][PASSED] - browserHelper.Users.Login: browserHelper.Users.Login is PASSED

2018-07-09 09:14:14 - [MESSAGE][PASSED] - Web element with id: 'Object Repository/QA/Page_Landing/link_UseAnotherAccount' located by 'By.xpath: //*[@id = 'use_another_account']' is not present after '5' second(s)

2018-07-09 09:14:14 - [MESSAGE][PASSED] - Object 'Object Repository/QA/Page_Login/input_Username' is visible

2018-07-09 09:14:14 - [MESSAGE][PASSED] - Text of object 'Object Repository/QA/Page_Login/input_Username' is cleared

2018-07-09 09:14:14 - [MESSAGE][PASSED] - Keys 'cleartest@coreclip.com' sent to object: 'Object Repository/QA/Page_Login/input_Username'

2018-07-09 09:14:14 - [MESSAGE][PASSED] - Text of object 'Object Repository/QA/Page_Login/input_Password' is cleared

2018-07-09 09:14:15 - [MESSAGE][PASSED] - Keys 'ClearB@nk123' sent to object: 'Object Repository/QA/Page_Login/input_Password'

2018-07-09 09:14:16 - [MESSAGE][PASSED] - Object: 'Object Repository/QA/Page_Login/button_SignIn' is clicked on

2018-07-09 09:14:16 - [MESSAGE][PASSED] - Object 'Object Repository/QA/Page_Login/Page_TwoFactorAuthencation/button_Verify' is visible

2018-07-09 09:14:18 - [MESSAGE][PASSED] - Send request successfully

2018-07-09 09:14:20 - [MESSAGE][PASSED] - Current window maximized

2018-07-09 09:14:20 - [MESSAGE][PASSED] - Object 'Object Repository/QA/Page_Login/Page_TwoFactorAuthencation/input_AuthenticationCode' is visible

2018-07-09 09:14:20 - [MESSAGE][PASSED] - Keys '98093014' sent to object: 'Object Repository/QA/Page_Login/Page_TwoFactorAuthencation/input_AuthenticationCode'

2018-07-09 09:14:22 - [MESSAGE][PASSED] - Object: 'Object Repository/QA/Page_Login/Page_TwoFactorAuthencation/button_Verify' is clicked on

2018-07-09 09:14:22 - [MESSAGE][PASSED] - Object 'Object Repository/QA/Page_Landing/link_SignOut' is present

2018-07-09 09:14:22 - [MESSAGE][PASSED] - browserHelper.Users.Login is PASSED]]></system-out>
         <system-err><![CDATA[]]></system-err>
      </testcase>
      <system-out><![CDATA[2018-07-09 09:14:08 - [TEST_SUITE][PASSED] - LoginUser2: Test Cases/LoginUser2]]></system-out>
      <system-err><![CDATA[]]></system-err>
   </testsuite>
</testsuites>
