<?xml version="1.0" encoding="UTF-8"?>
<testsuites name="payment01" time="71" tests="1" failures="0" errors="0">
   <testsuite name="payment01" tests="1" failures="0" errors="0" time="71" timestamp="2018-06-24 10:42:40" hostname="customer - DESKTOP-563VRSA" id="Test Suites/payment01">
      <properties>
         <property name="deviceName" value=""/>
         <property name="devicePlatform" value=""/>
         <property name="logFolder" value="C:\\Users\\customer\\git\\Katalon-CB\\Reports\\payment01\\20180624_104220"/>
         <property name="logFiles" value="C:\\Users\\customer\\git\\Katalon-CB\\Reports\\payment01\\20180624_104220\\execution0.log"/>
         <property name="attachments" value=""/>
         <property name="hostName" value="customer - DESKTOP-563VRSA"/>
         <property name="os" value="Windows 10 64bit"/>
         <property name="katalonVersion" value="5.4.1.1"/>
         <property name="browser" value="Chrome 67.0.3396.87"/>
         <property name="hostAddress" value="192.168.0.50"/>
         <property name="sessionId" value="6f485545c5e1aaf330ff3ed12eda956e"/>
         <property name="seleniumVersion" value="3.7.1"/>
         <property name="proxyInformation" value="ProxyInformation{proxyOption=NO_PROXY, proxyServerType=HTTP, password=, proxyServerAddress=, proxyServerPort=0}"/>
         <property name="platform" value="Windows 10"/>
      </properties>
      <testcase name="Test Cases/Health checks/TC-44702" classname="Test Cases/Health checks/TC-44702" status="PASSED">
         <system-out><![CDATA[2018-06-24 10:42:41 - [TEST_CASE][PASSED] - Test Cases/Health checks/TC-44702: Test Cases/Health checks/TC-44702

2018-06-24 10:42:42 - [TEST_STEP][PASSED] - openBrowser: Browser is opened with url: 'https://institution-qa.clearbank.co.uk/'

2018-06-24 10:42:49 - [MESSAGE][PASSED] - Browser is opened with url: 'https://institution-qa.clearbank.co.uk/'

2018-06-24 10:42:49 - [TEST_STEP][PASSED] - browserHelper.Users.Login: browserHelper.Users.Login is PASSED

2018-06-24 10:42:50 - [MESSAGE][PASSED] - Web element with id: 'Object Repository/QA/Page_Landing/link_UseAnotherAccount' located by 'By.xpath: //*[@id = 'use_another_account']' is not present after '5' second(s)

2018-06-24 10:42:50 - [MESSAGE][PASSED] - Object 'Object Repository/QA/Page_Login/input_Username' is visible

2018-06-24 10:42:50 - [MESSAGE][PASSED] - Text of object 'Object Repository/QA/Page_Login/input_Username' is cleared

2018-06-24 10:42:50 - [MESSAGE][PASSED] - Keys 'autofpsadmin02@grr.la' sent to object: 'Object Repository/QA/Page_Login/input_Username'

2018-06-24 10:42:50 - [MESSAGE][PASSED] - Text of object 'Object Repository/QA/Page_Login/input_Password' is cleared

2018-06-24 10:42:51 - [MESSAGE][PASSED] - Keys 'AppQa123' sent to object: 'Object Repository/QA/Page_Login/input_Password'

2018-06-24 10:42:52 - [MESSAGE][PASSED] - Object: 'Object Repository/QA/Page_Login/button_SignIn' is clicked on

2018-06-24 10:42:53 - [MESSAGE][PASSED] - Object 'Object Repository/QA/Page_Login/Page_TwoFactorAuthencation/button_Verify' is visible

2018-06-24 10:42:55 - [MESSAGE][PASSED] - Send request successfully

2018-06-24 10:42:57 - [MESSAGE][PASSED] - Current window maximized

2018-06-24 10:42:57 - [MESSAGE][PASSED] - Object 'Object Repository/QA/Page_Login/Page_TwoFactorAuthencation/input_AuthenticationCode' is visible

2018-06-24 10:42:57 - [MESSAGE][PASSED] - Keys '49535014' sent to object: 'Object Repository/QA/Page_Login/Page_TwoFactorAuthencation/input_AuthenticationCode'

2018-06-24 10:43:02 - [MESSAGE][PASSED] - Object: 'Object Repository/QA/Page_Login/Page_TwoFactorAuthencation/button_Verify' is clicked on

2018-06-24 10:43:02 - [MESSAGE][PASSED] - Object 'Object Repository/QA/Page_Landing/link_SignOut' is present

2018-06-24 10:43:02 - [MESSAGE][PASSED] - browserHelper.Users.Login is PASSED

2018-06-24 10:43:02 - [TEST_STEP][PASSED] - browserHelper.Navigation.NavigateToAccount: browserHelper.Navigation.NavigateToAccount is PASSED

2018-06-24 10:43:07 - [MESSAGE][WARNING] - Web element with id: 'Object Repository/QA/loading_Mask' located by 'By.xpath: //div[contains(@class,'el-loading-mask')]' not found

2018-06-24 10:43:07 - [MESSAGE][PASSED] - Navigate to 'https://institution-QA.clearbank.co.uk/#/institution/accounts/495eba7c-c071-4c9e-86ea-b51376c40e98' successfully

2018-06-24 10:43:07 - [MESSAGE][PASSED] - browserHelper.Navigation.NavigateToAccount is PASSED

2018-06-24 10:43:07 - [TEST_STEP][PASSED] - waitForElementVisible: Object 'Object Repository/QA/5. Page_Institution/Accounts/button_SendPayments' is visible

2018-06-24 10:43:09 - [MESSAGE][PASSED] - Object 'Object Repository/QA/5. Page_Institution/Accounts/button_SendPayments' is visible

2018-06-24 10:43:09 - [TEST_STEP][PASSED] - click: Object: 'Object Repository/QA/5. Page_Institution/Accounts/button_SendPayments' is clicked on

2018-06-24 10:43:10 - [MESSAGE][PASSED] - Object: 'Object Repository/QA/5. Page_Institution/Accounts/button_SendPayments' is clicked on

2018-06-24 10:43:10 - [TEST_STEP][PASSED] - delay: Delayed 2 second(s)

2018-06-24 10:43:12 - [MESSAGE][PASSED] - Delayed 2 second(s)

2018-06-24 10:43:12 - [TEST_STEP][PASSED] - Statement - If (displayed): browserHelper.Payments.PreviousPaymentTemplateAction is PASSED

2018-06-24 10:43:12 - [TEST_STEP][PASSED] - browserHelper.Payments.PreviousPaymentTemplateAction: browserHelper.Payments.PreviousPaymentTemplateAction is PASSED

2018-06-24 10:43:12 - [MESSAGE][PASSED] - Object 'Object Repository/QA/loading_Mask' is NOT visible

2018-06-24 10:43:13 - [MESSAGE][PASSED] - browserHelper.Payments.PreviousPaymentTemplateAction is PASSED

2018-06-24 10:43:13 - [TEST_STEP][PASSED] - browserHelper.Dropdown.DropdownHelper: browserHelper.Dropdown.DropdownHelper is PASSED

2018-06-24 10:43:16 - [MESSAGE][WARNING] - Web element with id: 'Object Repository/QA/dropdown_Card' located by 'By.xpath: ' not found

2018-06-24 10:43:16 - [MESSAGE][PASSED] - Object 'Object Repository/QA/5. Page_Institution/Accounts/dropdown_PaymentMethod' is visible

2018-06-24 10:43:16 - [MESSAGE][PASSED] - Object 'Object Repository/QA/5. Page_Institution/Accounts/dropdown_PaymentMethod' is clickable

2018-06-24 10:43:17 - [MESSAGE][PASSED] - Delayed 1 second(s)

2018-06-24 10:43:17 - [MESSAGE][PASSED] - Object: 'Object Repository/QA/5. Page_Institution/Accounts/dropdown_PaymentMethod' is clicked on

2018-06-24 10:43:18 - [MESSAGE][PASSED] - Delayed 1 second(s)

2018-06-24 10:43:21 - [MESSAGE][WARNING] - Web element with id: 'Object Repository/QA/dropdown_Card' located by 'By.xpath: ' not found

2018-06-24 10:43:21 - [MESSAGE][PASSED] - browserHelper.Dropdown.DropdownHelper is PASSED

2018-06-24 10:43:21 - [TEST_STEP][PASSED] - browserHelper.Date.SetDate: browserHelper.Date.SetDate is PASSED

2018-06-24 10:43:22 - [MESSAGE][PASSED] - Object 'Object Repository/QA/5. Page_Institution/Accounts/calendar_PaymentDate' is visible

2018-06-24 10:43:23 - [MESSAGE][PASSED] - Object: 'Object Repository/QA/5. Page_Institution/Accounts/calendar_PaymentDate' is clicked on

2018-06-24 10:43:23 - [MESSAGE][PASSED] - browserHelper.Date.SetDate is PASSED

2018-06-24 10:43:23 - [TEST_STEP][PASSED] - browserHelper.Payments.EnterPayment: browserHelper.Payments.EnterPayment is PASSED

2018-06-24 10:43:28 - [MESSAGE][WARNING] - Web element with id: 'Object Repository/QA/5. Page_Institution/Page_Users/button_CreateUser' located by 'By.xpath: //span[normalize-space()='Create User']' not found

2018-06-24 10:43:29 - [MESSAGE][PASSED] - browserHelper.Payments.EnterPayment is PASSED

2018-06-24 10:43:29 - [TEST_STEP][PASSED] - click: Object: 'Object Repository/QA/5. Page_Institution/Accounts/button_ConfirmCreditors' is clicked on

2018-06-24 10:43:47 - [MESSAGE][PASSED] - Object: 'Object Repository/QA/5. Page_Institution/Accounts/button_ConfirmCreditors' is clicked on

2018-06-24 10:43:47 - [TEST_STEP][PASSED] - waitForElementNotVisible: Object 'Object Repository/QA/loading_Mask' is NOT visible

2018-06-24 10:43:48 - [MESSAGE][PASSED] - Object 'Object Repository/QA/loading_Mask' is NOT visible

2018-06-24 10:43:48 - [TEST_STEP][PASSED] - click: Object: 'Object Repository/QA/5. Page_Institution/Accounts/button_SubmitForApproval' is clicked on

2018-06-24 10:43:49 - [MESSAGE][PASSED] - Object: 'Object Repository/QA/5. Page_Institution/Accounts/button_SubmitForApproval' is clicked on

2018-06-24 10:43:49 - [TEST_STEP][PASSED] - waitForElementVisible: Object 'Object Repository/QA/popup_Message' is visible

2018-06-24 10:43:51 - [MESSAGE][PASSED] - Object 'Object Repository/QA/popup_Message' is visible

2018-06-24 10:43:51 - [TEST_STEP][PASSED] - verifyElementText: Actual text and expected text of test object 'Object Repository/QA/popup_Message' are matched.

2018-06-24 10:43:51 - [MESSAGE][PASSED] - Actual text and expected text of test object 'Object Repository/QA/popup_Message' are matched.

2018-06-24 10:43:51 - [TEST_STEP][PASSED] - closeBrowser: Browser is closed

2018-06-24 10:43:52 - [MESSAGE][PASSED] - Browser is closed]]></system-out>
         <system-err><![CDATA[]]></system-err>
      </testcase>
      <system-out><![CDATA[2018-06-24 10:42:40 - [TEST_SUITE][PASSED] - payment01: Test Cases/Health checks/TC-44702]]></system-out>
      <system-err><![CDATA[]]></system-err>
   </testsuite>
</testsuites>
