<?xml version="1.0" encoding="UTF-8"?>
<testsuites name="testTestsuite" time="51" tests="1" failures="0" errors="0">
   <testsuite name="testTestsuite" tests="1" failures="0" errors="0" time="51" timestamp="2018-05-16 20:12:07" hostname="customer - DESKTOP-563VRSA" id="Test Suites/testTestsuite">
      <properties>
         <property name="deviceName" value=""/>
         <property name="devicePlatform" value=""/>
         <property name="logFolder" value="C:\\Users\\customer\\Katalon Studio\\Sample\\Reports\\testTestsuite\\20180516_201157"/>
         <property name="logFiles" value="C:\\Users\\customer\\Katalon Studio\\Sample\\Reports\\testTestsuite\\20180516_201157\\execution0.log"/>
         <property name="attachments" value=""/>
         <property name="hostName" value="customer - DESKTOP-563VRSA"/>
         <property name="os" value="Windows 10 64bit"/>
         <property name="katalonVersion" value="5.4.1.1"/>
         <property name="browser" value="Chrome 66.0.3359.139"/>
         <property name="hostAddress" value="192.168.0.50"/>
         <property name="sessionId" value="66478392376d4dd9dae3b62edc995e37"/>
         <property name="seleniumVersion" value="3.7.1"/>
         <property name="proxyInformation" value="ProxyInformation{proxyOption=NO_PROXY, proxyServerType=HTTP, password=, proxyServerAddress=, proxyServerPort=0}"/>
         <property name="platform" value="Windows 10"/>
      </properties>
      <testcase name="Test Cases/Verify all side menus  and links  are displayed correctly" classname="Test Cases/Verify all side menus  and links  are displayed correctly" status="PASSED">
         <system-out><![CDATA[2018-05-16 20:12:08 - [TEST_CASE][PASSED] - Test Cases/Verify all side menus  and links  are displayed correctly: Test Cases/Verify all side menus  and links  are displayed correctly

2018-05-16 20:12:10 - [TEST_STEP][PASSED] - Statement - user1 = CustomKeywords.browserHelper.Users.GetUser1(institution): browserHelper.Users.GetUser1 is PASSED

2018-05-16 20:12:10 - [MESSAGE][PASSED] - browserHelper.Users.GetUser1 is PASSED

2018-05-16 20:12:10 - [TEST_STEP][PASSED] - Statement - password1 = CustomKeywords.browserHelper.Users.GetUser1Password(institution): browserHelper.Users.GetUser1Password is PASSED

2018-05-16 20:12:11 - [MESSAGE][PASSED] - browserHelper.Users.GetUser1Password is PASSED

2018-05-16 20:12:11 - [TEST_STEP][PASSED] - Statement - user2 = CustomKeywords.browserHelper.Users.GetUser1(institution): browserHelper.Users.GetUser1 is PASSED

2018-05-16 20:12:11 - [MESSAGE][PASSED] - browserHelper.Users.GetUser1 is PASSED

2018-05-16 20:12:11 - [TEST_STEP][PASSED] - Statement - password2 = CustomKeywords.browserHelper.Users.GetUser2Password(institution): browserHelper.Users.GetUser2Password is PASSED

2018-05-16 20:12:11 - [MESSAGE][PASSED] - browserHelper.Users.GetUser2Password is PASSED

2018-05-16 20:12:11 - [TEST_STEP][PASSED] - openBrowser: Browser is opened with url: 'https://institution-qa.clearbank.co.uk/'

2018-05-16 20:12:19 - [MESSAGE][PASSED] - Browser is opened with url: 'https://institution-qa.clearbank.co.uk/'

2018-05-16 20:12:19 - [TEST_STEP][PASSED] - waitForElementVisible: Object 'Object Repository/QA/Page_Login/input_Username' is visible

2018-05-16 20:12:19 - [MESSAGE][PASSED] - Object 'Object Repository/QA/Page_Login/input_Username' is visible

2018-05-16 20:12:19 - [TEST_STEP][PASSED] - clearText: Text of object 'Object Repository/QA/Page_Login/input_Username' is cleared

2018-05-16 20:12:19 - [MESSAGE][PASSED] - Text of object 'Object Repository/QA/Page_Login/input_Username' is cleared

2018-05-16 20:12:19 - [TEST_STEP][PASSED] - sendKeys: Keys 'clearbank@cbiukqainstitution.onmicrosoft.com' sent to object: 'Object Repository/QA/Page_Login/input_Username'

2018-05-16 20:12:20 - [MESSAGE][PASSED] - Keys 'clearbank@cbiukqainstitution.onmicrosoft.com' sent to object: 'Object Repository/QA/Page_Login/input_Username'

2018-05-16 20:12:20 - [TEST_STEP][PASSED] - clearText: Text of object 'Object Repository/QA/Page_Login/input_Password' is cleared

2018-05-16 20:12:20 - [MESSAGE][PASSED] - Text of object 'Object Repository/QA/Page_Login/input_Password' is cleared

2018-05-16 20:12:20 - [TEST_STEP][PASSED] - sendKeys: Keys 'ClearB@nk123' sent to object: 'Object Repository/QA/Page_Login/input_Password'

2018-05-16 20:12:20 - [MESSAGE][PASSED] - Keys 'ClearB@nk123' sent to object: 'Object Repository/QA/Page_Login/input_Password'

2018-05-16 20:12:20 - [TEST_STEP][PASSED] - click: Object: 'Object Repository/QA/Page_Login/button_SignIn' is clicked on

2018-05-16 20:12:22 - [MESSAGE][PASSED] - Object: 'Object Repository/QA/Page_Login/button_SignIn' is clicked on

2018-05-16 20:12:22 - [TEST_STEP][PASSED] - verifyElementVisible: Object 'Object Repository/QA/Page_Login/Page_TwoFactorAuthencation/button_Verify' is visible

2018-05-16 20:12:22 - [MESSAGE][PASSED] - Object 'Object Repository/QA/Page_Login/Page_TwoFactorAuthencation/button_Verify' is visible

2018-05-16 20:12:22 - [TEST_STEP][PASSED] - Statement - code = CustomKeywords.browserHelper.TOTP.getCode(user1, password1): browserHelper.TOTP.getCode is PASSED

2018-05-16 20:12:24 - [MESSAGE][PASSED] - Send request successfully

2018-05-16 20:12:25 - [MESSAGE][PASSED] - browserHelper.TOTP.getCode is PASSED

2018-05-16 20:12:25 - [TEST_STEP][PASSED] - maximizeWindow: Current window maximized

2018-05-16 20:12:26 - [MESSAGE][PASSED] - Current window maximized

2018-05-16 20:12:26 - [TEST_STEP][PASSED] - waitForElementVisible: Object 'Object Repository/QA/Page_Login/Page_TwoFactorAuthencation/input_AuthenticationCode' is visible

2018-05-16 20:12:26 - [MESSAGE][PASSED] - Object 'Object Repository/QA/Page_Login/Page_TwoFactorAuthencation/input_AuthenticationCode' is visible

2018-05-16 20:12:26 - [TEST_STEP][PASSED] - sendKeys: Keys '94406513' sent to object: 'Object Repository/QA/Page_Login/Page_TwoFactorAuthencation/input_AuthenticationCode'

2018-05-16 20:12:26 - [MESSAGE][PASSED] - Keys '94406513' sent to object: 'Object Repository/QA/Page_Login/Page_TwoFactorAuthencation/input_AuthenticationCode'

2018-05-16 20:12:26 - [TEST_STEP][PASSED] - click: Object: 'Object Repository/QA/Page_Login/Page_TwoFactorAuthencation/button_Verify' is clicked on

2018-05-16 20:12:30 - [MESSAGE][PASSED] - Object: 'Object Repository/QA/Page_Login/Page_TwoFactorAuthencation/button_Verify' is clicked on

2018-05-16 20:12:30 - [TEST_STEP][NOT_RUN] - browserHelper.Navigation.NavigateToTreasuryDashboard: NOT_RUN: browserHelper.Navigation.NavigateToTreasuryDashboard

2018-05-16 20:12:30 - [MESSAGE][NOT_RUN] - NOT_RUN: browserHelper.Navigation.NavigateToTreasuryDashboard

2018-05-16 20:12:30 - [TEST_STEP][NOT_RUN] - browserHelper.Navigation.NavigateToActiveThrottlingPage: NOT_RUN: browserHelper.Navigation.NavigateToActiveThrottlingPage

2018-05-16 20:12:30 - [MESSAGE][NOT_RUN] - NOT_RUN: browserHelper.Navigation.NavigateToActiveThrottlingPage

2018-05-16 20:12:30 - [TEST_STEP][NOT_RUN] - browserHelper.Navigation.Navigate4EyeCheckPermissionPage: NOT_RUN: browserHelper.Navigation.Navigate4EyeCheckPermissionPage

2018-05-16 20:12:30 - [MESSAGE][NOT_RUN] - NOT_RUN: browserHelper.Navigation.Navigate4EyeCheckPermissionPage

2018-05-16 20:12:30 - [TEST_STEP][NOT_RUN] - browserHelper.Navigation.NavigateToCRMInstitutionsPage: NOT_RUN: browserHelper.Navigation.NavigateToCRMInstitutionsPage

2018-05-16 20:12:30 - [MESSAGE][NOT_RUN] - NOT_RUN: browserHelper.Navigation.NavigateToCRMInstitutionsPage

2018-05-16 20:12:30 - [TEST_STEP][NOT_RUN] - browserHelper.Navigation.NavigateToCRMQueryPage: NOT_RUN: browserHelper.Navigation.NavigateToCRMQueryPage

2018-05-16 20:12:30 - [MESSAGE][NOT_RUN] - NOT_RUN: browserHelper.Navigation.NavigateToCRMQueryPage

2018-05-16 20:12:30 - [TEST_STEP][NOT_RUN] - browserHelper.Navigation.NavigateToDeviceSoftwarePage: NOT_RUN: browserHelper.Navigation.NavigateToDeviceSoftwarePage

2018-05-16 20:12:30 - [MESSAGE][NOT_RUN] - NOT_RUN: browserHelper.Navigation.NavigateToDeviceSoftwarePage

2018-05-16 20:12:30 - [TEST_STEP][NOT_RUN] - browserHelper.Navigation.NavigateToInstitutionUsersPage: NOT_RUN: browserHelper.Navigation.NavigateToInstitutionUsersPage

2018-05-16 20:12:30 - [MESSAGE][NOT_RUN] - NOT_RUN: browserHelper.Navigation.NavigateToInstitutionUsersPage

2018-05-16 20:12:30 - [TEST_STEP][NOT_RUN] - browserHelper.Navigation.NavigateToInstitutionAccountsPage: NOT_RUN: browserHelper.Navigation.NavigateToInstitutionAccountsPage

2018-05-16 20:12:30 - [MESSAGE][NOT_RUN] - NOT_RUN: browserHelper.Navigation.NavigateToInstitutionAccountsPage

2018-05-16 20:12:30 - [TEST_STEP][NOT_RUN] - browserHelper.Navigation.NavigateToCertificateAndTokenPage: NOT_RUN: browserHelper.Navigation.NavigateToCertificateAndTokenPage

2018-05-16 20:12:30 - [MESSAGE][NOT_RUN] - NOT_RUN: browserHelper.Navigation.NavigateToCertificateAndTokenPage

2018-05-16 20:12:30 - [TEST_STEP][NOT_RUN] - browserHelper.Navigation.NavigateToInstitutionNominatedBICPage: NOT_RUN: browserHelper.Navigation.NavigateToInstitutionNominatedBICPage

2018-05-16 20:12:30 - [MESSAGE][NOT_RUN] - NOT_RUN: browserHelper.Navigation.NavigateToInstitutionNominatedBICPage

2018-05-16 20:12:30 - [TEST_STEP][NOT_RUN] - browserHelper.Navigation.NavigateToEarmarkingPage: NOT_RUN: browserHelper.Navigation.NavigateToEarmarkingPage

2018-05-16 20:12:30 - [MESSAGE][NOT_RUN] - NOT_RUN: browserHelper.Navigation.NavigateToEarmarkingPage

2018-05-16 20:12:30 - [TEST_STEP][NOT_RUN] - browserHelper.Navigation.NavigateToWorkstreamsPage: NOT_RUN: browserHelper.Navigation.NavigateToWorkstreamsPage

2018-05-16 20:12:30 - [MESSAGE][NOT_RUN] - NOT_RUN: browserHelper.Navigation.NavigateToWorkstreamsPage

2018-05-16 20:12:30 - [TEST_STEP][NOT_RUN] - browserHelper.Navigation.NavigateToWorkItemsPage: NOT_RUN: browserHelper.Navigation.NavigateToWorkItemsPage

2018-05-16 20:12:30 - [MESSAGE][NOT_RUN] - NOT_RUN: browserHelper.Navigation.NavigateToWorkItemsPage

2018-05-16 20:12:30 - [TEST_STEP][NOT_RUN] - browserHelper.Navigation.NavigateToWorkstreamUsersPage: NOT_RUN: browserHelper.Navigation.NavigateToWorkstreamUsersPage

2018-05-16 20:12:30 - [MESSAGE][NOT_RUN] - NOT_RUN: browserHelper.Navigation.NavigateToWorkstreamUsersPage

2018-05-16 20:12:30 - [TEST_STEP][NOT_RUN] - browserHelper.Navigation.NavigateToPendingApprovalsPage: NOT_RUN: browserHelper.Navigation.NavigateToPendingApprovalsPage

2018-05-16 20:12:30 - [MESSAGE][NOT_RUN] - NOT_RUN: browserHelper.Navigation.NavigateToPendingApprovalsPage

2018-05-16 20:12:30 - [TEST_STEP][NOT_RUN] - browserHelper.Navigation.NavigateToActionedApprovalsPage: NOT_RUN: browserHelper.Navigation.NavigateToActionedApprovalsPage

2018-05-16 20:12:30 - [MESSAGE][NOT_RUN] - NOT_RUN: browserHelper.Navigation.NavigateToActionedApprovalsPage

2018-05-16 20:12:30 - [TEST_STEP][NOT_RUN] - browserHelper.Navigation.NavigateToWorkstreamsDashboardPage: NOT_RUN: browserHelper.Navigation.NavigateToWorkstreamsDashboardPage

2018-05-16 20:12:30 - [MESSAGE][NOT_RUN] - NOT_RUN: browserHelper.Navigation.NavigateToWorkstreamsDashboardPage

2018-05-16 20:12:30 - [TEST_STEP][NOT_RUN] - browserHelper.Navigation.NavigateToThrougputDashboardPage: NOT_RUN: browserHelper.Navigation.NavigateToThrougputDashboardPage

2018-05-16 20:12:30 - [MESSAGE][NOT_RUN] - NOT_RUN: browserHelper.Navigation.NavigateToThrougputDashboardPage

2018-05-16 20:12:30 - [TEST_STEP][PASSED] - browserHelper.Navigation.NavigateToOnboardingPage: browserHelper.Navigation.NavigateToOnboardingPage is PASSED

2018-05-16 20:12:32 - [MESSAGE][PASSED] - Object 'Object Repository/QA/Page_Admin/link_InstitutionOnboarding' is visible

2018-05-16 20:12:32 - [MESSAGE][PASSED] - Object 'Object Repository/QA/Page_Admin/link_InstitutionOnboarding' is clickable

2018-05-16 20:12:33 - [MESSAGE][PASSED] - Object: 'Object Repository/QA/Page_Admin/link_InstitutionOnboarding' is clicked on

2018-05-16 20:12:34 - [MESSAGE][PASSED] - browserHelper.Navigation.NavigateToOnboardingPage is PASSED

2018-05-16 20:12:34 - [TEST_STEP][NOT_RUN] - click: NOT_RUN: click

2018-05-16 20:12:34 - [MESSAGE][NOT_RUN] - NOT_RUN: click

2018-05-16 20:12:34 - [TEST_STEP][NOT_RUN] - browserHelper.Dropdown.SelectOption: NOT_RUN: browserHelper.Dropdown.SelectOption

2018-05-16 20:12:34 - [MESSAGE][NOT_RUN] - NOT_RUN: browserHelper.Dropdown.SelectOption

2018-05-16 20:12:34 - [TEST_STEP][NOT_RUN] - click: NOT_RUN: click

2018-05-16 20:12:34 - [MESSAGE][NOT_RUN] - NOT_RUN: click

2018-05-16 20:12:34 - [TEST_STEP][NOT_RUN] - browserHelper.Dropdown.SelectOption: NOT_RUN: browserHelper.Dropdown.SelectOption

2018-05-16 20:12:34 - [MESSAGE][NOT_RUN] - NOT_RUN: browserHelper.Dropdown.SelectOption

2018-05-16 20:12:34 - [TEST_STEP][NOT_RUN] - click: NOT_RUN: click

2018-05-16 20:12:34 - [MESSAGE][NOT_RUN] - NOT_RUN: click

2018-05-16 20:12:34 - [TEST_STEP][NOT_RUN] - browserHelper.Dropdown.SelectOption: NOT_RUN: browserHelper.Dropdown.SelectOption

2018-05-16 20:12:34 - [MESSAGE][NOT_RUN] - NOT_RUN: browserHelper.Dropdown.SelectOption

2018-05-16 20:12:34 - [TEST_STEP][PASSED] - click: Object: 'Object Repository/QA/Onboarding/1.Page_Institution Details/dropdown_InsitutionType' is clicked on

2018-05-16 20:12:34 - [MESSAGE][PASSED] - Object: 'Object Repository/QA/Onboarding/1.Page_Institution Details/dropdown_InsitutionType' is clicked on

2018-05-16 20:12:34 - [TEST_STEP][PASSED] - browserHelper.Dropdown.SelectOption: browserHelper.Dropdown.SelectOption is PASSED

2018-05-16 20:12:35 - [MESSAGE][PASSED] - browserHelper.Dropdown.SelectOption is PASSED

2018-05-16 20:12:35 - [TEST_STEP][PASSED] - setText: Text 'My Bank' is set on object 'Object Repository/QA/Onboarding/1.Page_Institution Details/input_TradingName'

2018-05-16 20:12:35 - [MESSAGE][PASSED] - Text 'My Bank' is set on object 'Object Repository/QA/Onboarding/1.Page_Institution Details/input_TradingName'

2018-05-16 20:12:35 - [TEST_STEP][PASSED] - setText: Text 'My Bank' is set on object 'Object Repository/QA/Onboarding/1.Page_Institution Details/input_RegisteredName'

2018-05-16 20:12:35 - [MESSAGE][PASSED] - Text 'My Bank' is set on object 'Object Repository/QA/Onboarding/1.Page_Institution Details/input_RegisteredName'

2018-05-16 20:12:35 - [TEST_STEP][PASSED] - browserHelper.Sortcode.SetIndividualSortCode: browserHelper.Sortcode.SetIndividualSortCode is PASSED

2018-05-16 20:12:36 - [MESSAGE][PASSED] - browserHelper.Sortcode.SetIndividualSortCode is PASSED

2018-05-16 20:12:36 - [TEST_STEP][PASSED] - browserHelper.Sortcode.SetOrganisationSortCode: browserHelper.Sortcode.SetOrganisationSortCode is PASSED

2018-05-16 20:12:36 - [MESSAGE][PASSED] - browserHelper.Sortcode.SetOrganisationSortCode is PASSED

2018-05-16 20:12:36 - [TEST_STEP][PASSED] - setText: Text '9523' is set on object 'Object Repository/QA/Onboarding/1.Page_Institution Details/input_BankCode'

2018-05-16 20:12:37 - [MESSAGE][PASSED] - Text '9523' is set on object 'Object Repository/QA/Onboarding/1.Page_Institution Details/input_BankCode'

2018-05-16 20:12:37 - [TEST_STEP][PASSED] - setText: Text 'someclearing' is set on object 'Object Repository/QA/Onboarding/1.Page_Institution Details/input_ClearingMemberID'

2018-05-16 20:12:37 - [MESSAGE][PASSED] - Text 'someclearing' is set on object 'Object Repository/QA/Onboarding/1.Page_Institution Details/input_ClearingMemberID'

2018-05-16 20:12:37 - [TEST_STEP][PASSED] - sendKeys: Keys 'CLRBGB09876' sent to object: 'Object Repository/QA/Onboarding/1.Page_Institution Details/input_Bic'

2018-05-16 20:12:38 - [MESSAGE][PASSED] - Keys 'CLRBGB09876' sent to object: 'Object Repository/QA/Onboarding/1.Page_Institution Details/input_Bic'

2018-05-16 20:12:38 - [TEST_STEP][PASSED] - click: Object: 'Object Repository/QA/Onboarding/1.Page_Institution Details/dropdown_ClearingSystemIdentificationType' is clicked on

2018-05-16 20:12:38 - [MESSAGE][PASSED] - Object: 'Object Repository/QA/Onboarding/1.Page_Institution Details/dropdown_ClearingSystemIdentificationType' is clicked on

2018-05-16 20:12:38 - [TEST_STEP][PASSED] - browserHelper.Dropdown.SelectOption: browserHelper.Dropdown.SelectOption is PASSED

2018-05-16 20:12:38 - [MESSAGE][PASSED] - browserHelper.Dropdown.SelectOption is PASSED

2018-05-16 20:12:38 - [TEST_STEP][PASSED] - click: Object: 'Object Repository/QA/Onboarding/1.Page_Institution Details/button_Logo_1_1_MobileFile' is clicked on

2018-05-16 20:12:39 - [MESSAGE][PASSED] - Object: 'Object Repository/QA/Onboarding/1.Page_Institution Details/button_Logo_1_1_MobileFile' is clicked on

2018-05-16 20:12:39 - [TEST_STEP][PASSED] - browserHelper.Upload.FileUpload: browserHelper.Upload.FileUpload is PASSED

2018-05-16 20:12:43 - [MESSAGE][PASSED] - browserHelper.Upload.FileUpload is PASSED

2018-05-16 20:12:43 - [TEST_STEP][PASSED] - click: Object: 'Object Repository/QA/Onboarding/1.Page_Institution Details/button_Logo_2_1_File' is clicked on

2018-05-16 20:12:43 - [MESSAGE][PASSED] - Object: 'Object Repository/QA/Onboarding/1.Page_Institution Details/button_Logo_2_1_File' is clicked on

2018-05-16 20:12:43 - [TEST_STEP][PASSED] - browserHelper.Upload.FileUpload: browserHelper.Upload.FileUpload is PASSED

2018-05-16 20:12:47 - [MESSAGE][PASSED] - browserHelper.Upload.FileUpload is PASSED

2018-05-16 20:12:47 - [TEST_STEP][PASSED] - click: Object: 'Object Repository/QA/Onboarding/1.Page_Institution Details/button_Logo_1_1_File' is clicked on

2018-05-16 20:12:47 - [MESSAGE][PASSED] - Object: 'Object Repository/QA/Onboarding/1.Page_Institution Details/button_Logo_1_1_File' is clicked on

2018-05-16 20:12:47 - [TEST_STEP][PASSED] - browserHelper.Upload.FileUpload: browserHelper.Upload.FileUpload is PASSED

2018-05-16 20:12:51 - [MESSAGE][PASSED] - browserHelper.Upload.FileUpload is PASSED

2018-05-16 20:12:51 - [TEST_STEP][PASSED] - click: Object: 'Object Repository/QA/Onboarding/1.Page_Institution Details/button_Logo_2_1_MobileFile ' is clicked on

2018-05-16 20:12:51 - [MESSAGE][PASSED] - Object: 'Object Repository/QA/Onboarding/1.Page_Institution Details/button_Logo_2_1_MobileFile ' is clicked on

2018-05-16 20:12:51 - [TEST_STEP][PASSED] - browserHelper.Upload.FileUpload: browserHelper.Upload.FileUpload is PASSED

2018-05-16 20:12:55 - [MESSAGE][PASSED] - browserHelper.Upload.FileUpload is PASSED

2018-05-16 20:12:55 - [TEST_STEP][PASSED] - delay: Delayed 3 second(s)

2018-05-16 20:12:58 - [MESSAGE][PASSED] - Delayed 3 second(s)

2018-05-16 20:12:58 - [TEST_STEP][PASSED] - browserHelper.Button.ClickOnNextButton: browserHelper.Button.ClickOnNextButton is PASSED

2018-05-16 20:12:58 - [MESSAGE][PASSED] - browserHelper.Button.ClickOnNextButton is PASSED]]></system-out>
         <system-err><![CDATA[]]></system-err>
      </testcase>
      <system-out><![CDATA[2018-05-16 20:12:07 - [TEST_SUITE][PASSED] - testTestsuite: Test Cases/Verify all side menus  and links  are displayed correctly]]></system-out>
      <system-err><![CDATA[]]></system-err>
   </testsuite>
</testsuites>
