<?xml version="1.0" encoding="UTF-8"?>
<testsuites name="payment01" time="65" tests="1" failures="0" errors="0">
   <testsuite name="payment01" tests="1" failures="0" errors="0" time="65" timestamp="2018-06-24 11:58:47" hostname="customer - DESKTOP-563VRSA" id="Test Suites/payment01">
      <properties>
         <property name="deviceName" value=""/>
         <property name="devicePlatform" value=""/>
         <property name="logFolder" value="C:\\Users\\customer\\git\\Katalon-CB\\Reports\\payment01\\20180624_115826"/>
         <property name="logFiles" value="C:\\Users\\customer\\git\\Katalon-CB\\Reports\\payment01\\20180624_115826\\execution0.log"/>
         <property name="attachments" value=""/>
         <property name="hostName" value="customer - DESKTOP-563VRSA"/>
         <property name="os" value="Windows 10 64bit"/>
         <property name="katalonVersion" value="5.4.1.1"/>
         <property name="browser" value="Chrome 67.0.3396.87"/>
         <property name="hostAddress" value="192.168.0.50"/>
         <property name="sessionId" value="c8e283aba7e7e4ea726914fa1378a642"/>
         <property name="seleniumVersion" value="3.7.1"/>
         <property name="proxyInformation" value="ProxyInformation{proxyOption=NO_PROXY, proxyServerType=HTTP, password=, proxyServerAddress=, proxyServerPort=0}"/>
         <property name="platform" value="Windows 10"/>
      </properties>
      <testcase name="Test Cases/Health checks/TC-44702" classname="Test Cases/Health checks/TC-44702" status="PASSED">
         <system-out><![CDATA[2018-06-24 11:58:48 - [TEST_CASE][PASSED] - Test Cases/Health checks/TC-44702: Test Cases/Health checks/TC-44702

2018-06-24 11:58:50 - [TEST_STEP][PASSED] - openBrowser: Browser is opened with url: 'https://institution-qa.clearbank.co.uk/'

2018-06-24 11:59:02 - [MESSAGE][PASSED] - Browser is opened with url: 'https://institution-qa.clearbank.co.uk/'

2018-06-24 11:59:02 - [TEST_STEP][PASSED] - browserHelper.Users.Login: browserHelper.Users.Login is PASSED

2018-06-24 11:59:03 - [MESSAGE][PASSED] - Web element with id: 'Object Repository/QA/Page_Landing/link_UseAnotherAccount' located by 'By.xpath: //*[@id = 'use_another_account']' is not present after '5' second(s)

2018-06-24 11:59:03 - [MESSAGE][PASSED] - Object 'Object Repository/QA/Page_Login/input_Username' is visible

2018-06-24 11:59:03 - [MESSAGE][PASSED] - Text of object 'Object Repository/QA/Page_Login/input_Username' is cleared

2018-06-24 11:59:03 - [MESSAGE][PASSED] - Keys 'autofpsadmin02@grr.la' sent to object: 'Object Repository/QA/Page_Login/input_Username'

2018-06-24 11:59:04 - [MESSAGE][PASSED] - Text of object 'Object Repository/QA/Page_Login/input_Password' is cleared

2018-06-24 11:59:04 - [MESSAGE][PASSED] - Keys 'AppQa123' sent to object: 'Object Repository/QA/Page_Login/input_Password'

2018-06-24 11:59:05 - [MESSAGE][PASSED] - Object: 'Object Repository/QA/Page_Login/button_SignIn' is clicked on

2018-06-24 11:59:06 - [MESSAGE][PASSED] - Object 'Object Repository/QA/Page_Login/Page_TwoFactorAuthencation/button_Verify' is visible

2018-06-24 11:59:09 - [MESSAGE][PASSED] - Send request successfully

2018-06-24 11:59:11 - [MESSAGE][PASSED] - Current window maximized

2018-06-24 11:59:12 - [MESSAGE][PASSED] - Object 'Object Repository/QA/Page_Login/Page_TwoFactorAuthencation/input_AuthenticationCode' is visible

2018-06-24 11:59:12 - [MESSAGE][PASSED] - Keys '63609514' sent to object: 'Object Repository/QA/Page_Login/Page_TwoFactorAuthencation/input_AuthenticationCode'

2018-06-24 11:59:16 - [MESSAGE][PASSED] - Object: 'Object Repository/QA/Page_Login/Page_TwoFactorAuthencation/button_Verify' is clicked on

2018-06-24 11:59:16 - [MESSAGE][PASSED] - Object 'Object Repository/QA/Page_Landing/link_SignOut' is present

2018-06-24 11:59:16 - [MESSAGE][PASSED] - browserHelper.Users.Login is PASSED

2018-06-24 11:59:16 - [TEST_STEP][PASSED] - browserHelper.Navigation.NavigateToAccount: browserHelper.Navigation.NavigateToAccount is PASSED

2018-06-24 11:59:21 - [MESSAGE][WARNING] - Web element with id: 'Object Repository/QA/loading_Mask' located by 'By.xpath: //div[contains(@class,'el-loading-mask')]' not found

2018-06-24 11:59:22 - [MESSAGE][PASSED] - Navigate to 'https://institution-QA.clearbank.co.uk/#/institution/accounts/495eba7c-c071-4c9e-86ea-b51376c40e98' successfully

2018-06-24 11:59:22 - [MESSAGE][PASSED] - browserHelper.Navigation.NavigateToAccount is PASSED

2018-06-24 11:59:22 - [TEST_STEP][PASSED] - waitForElementVisible: Object 'Object Repository/QA/5. Page_Institution/Accounts/button_SendPayments' is visible

2018-06-24 11:59:25 - [MESSAGE][PASSED] - Object 'Object Repository/QA/5. Page_Institution/Accounts/button_SendPayments' is visible

2018-06-24 11:59:25 - [TEST_STEP][PASSED] - click: Object: 'Object Repository/QA/5. Page_Institution/Accounts/button_SendPayments' is clicked on

2018-06-24 11:59:26 - [MESSAGE][PASSED] - Object: 'Object Repository/QA/5. Page_Institution/Accounts/button_SendPayments' is clicked on

2018-06-24 11:59:26 - [TEST_STEP][PASSED] - delay: Delayed 2 second(s)

2018-06-24 11:59:28 - [MESSAGE][PASSED] - Delayed 2 second(s)

2018-06-24 11:59:28 - [TEST_STEP][PASSED] - Statement - If (displayed): Found 1 web elements with id: 'Object Repository/QA/5. Page_Institution/Accounts/popup_WelcomeBack' located by 'By.xpath: //span[text()='Welcome Back']' in '3' second(s)

2018-06-24 11:59:28 - [TEST_STEP][PASSED] - browserHelper.Dropdown.DropdownHelper: browserHelper.Dropdown.DropdownHelper is PASSED

2018-06-24 11:59:31 - [MESSAGE][WARNING] - Web element with id: 'Object Repository/QA/dropdown_Card' located by 'By.xpath: ' not found

2018-06-24 11:59:31 - [MESSAGE][PASSED] - Object 'Object Repository/QA/5. Page_Institution/Accounts/dropdown_PaymentMethod' is visible

2018-06-24 11:59:31 - [MESSAGE][PASSED] - Object 'Object Repository/QA/5. Page_Institution/Accounts/dropdown_PaymentMethod' is clickable

2018-06-24 11:59:32 - [MESSAGE][PASSED] - Delayed 1 second(s)

2018-06-24 11:59:32 - [MESSAGE][PASSED] - Object: 'Object Repository/QA/5. Page_Institution/Accounts/dropdown_PaymentMethod' is clicked on

2018-06-24 11:59:33 - [MESSAGE][PASSED] - Delayed 1 second(s)

2018-06-24 11:59:37 - [MESSAGE][WARNING] - Web element with id: 'Object Repository/QA/dropdown_Card' located by 'By.xpath: ' not found

2018-06-24 11:59:37 - [MESSAGE][PASSED] - browserHelper.Dropdown.DropdownHelper is PASSED

2018-06-24 11:59:37 - [TEST_STEP][PASSED] - browserHelper.Date.SetDate: browserHelper.Date.SetDate is PASSED

2018-06-24 11:59:37 - [MESSAGE][PASSED] - Object 'Object Repository/QA/5. Page_Institution/Accounts/calendar_PaymentDate' is visible

2018-06-24 11:59:39 - [MESSAGE][PASSED] - Object: 'Object Repository/QA/5. Page_Institution/Accounts/calendar_PaymentDate' is clicked on

2018-06-24 11:59:39 - [MESSAGE][PASSED] - browserHelper.Date.SetDate is PASSED

2018-06-24 11:59:39 - [TEST_STEP][PASSED] - browserHelper.Payments.EnterPayment: browserHelper.Payments.EnterPayment is PASSED

2018-06-24 11:59:45 - [MESSAGE][WARNING] - Web element with id: 'Object Repository/QA/5. Page_Institution/Page_Users/button_CreateUser' located by 'By.xpath: //span[normalize-space()='Create User']' not found

2018-06-24 11:59:46 - [MESSAGE][PASSED] - browserHelper.Payments.EnterPayment is PASSED

2018-06-24 11:59:46 - [TEST_STEP][PASSED] - click: Object: 'Object Repository/QA/5. Page_Institution/Accounts/button_ConfirmCreditors' is clicked on

2018-06-24 11:59:46 - [MESSAGE][PASSED] - Object: 'Object Repository/QA/5. Page_Institution/Accounts/button_ConfirmCreditors' is clicked on

2018-06-24 11:59:46 - [TEST_STEP][PASSED] - waitForElementNotVisible: Object 'Object Repository/QA/loading_Mask' is NOT visible

2018-06-24 11:59:49 - [MESSAGE][PASSED] - Object 'Object Repository/QA/loading_Mask' is NOT visible

2018-06-24 11:59:49 - [TEST_STEP][PASSED] - click: Object: 'Object Repository/QA/5. Page_Institution/Accounts/button_SubmitForApproval' is clicked on

2018-06-24 11:59:49 - [MESSAGE][PASSED] - Object: 'Object Repository/QA/5. Page_Institution/Accounts/button_SubmitForApproval' is clicked on

2018-06-24 11:59:49 - [TEST_STEP][PASSED] - waitForElementVisible: Object 'Object Repository/QA/popup_Message' is visible

2018-06-24 11:59:51 - [MESSAGE][PASSED] - Object 'Object Repository/QA/popup_Message' is visible

2018-06-24 11:59:51 - [TEST_STEP][PASSED] - verifyElementText: Actual text and expected text of test object 'Object Repository/QA/popup_Message' are matched.

2018-06-24 11:59:51 - [MESSAGE][PASSED] - Actual text and expected text of test object 'Object Repository/QA/popup_Message' are matched.

2018-06-24 11:59:51 - [TEST_STEP][PASSED] - closeBrowser: Browser is closed

2018-06-24 11:59:53 - [MESSAGE][PASSED] - Browser is closed]]></system-out>
         <system-err><![CDATA[]]></system-err>
      </testcase>
      <system-out><![CDATA[2018-06-24 11:58:47 - [TEST_SUITE][PASSED] - payment01: Test Cases/Health checks/TC-44702]]></system-out>
      <system-err><![CDATA[]]></system-err>
   </testsuite>
</testsuites>
