<?xml version="1.0" encoding="UTF-8"?>
<testsuites name="New Test Suite" time="11" tests="0" failures="0" errors="1">
   <testsuite name="New Test Suite" tests="0" failures="0" errors="1" time="11" timestamp="2018-05-12 18:27:58" hostname="customer - DESKTOP-563VRSA" id="Test Suites/New Test Suite">
      <properties>
         <property name="deviceName" value=""/>
         <property name="devicePlatform" value=""/>
         <property name="logFolder" value="C:\\Users\\customer\\Katalon Studio\\Sample\\Reports\\New Test Suite\\20180512_182737"/>
         <property name="logFiles" value="C:\\Users\\customer\\Katalon Studio\\Sample\\Reports\\New Test Suite\\20180512_182737\\execution0.log"/>
         <property name="attachments" value=""/>
         <property name="hostName" value="customer - DESKTOP-563VRSA"/>
         <property name="hostAddress" value="192.168.0.50"/>
         <property name="os" value="Windows 10 64bit"/>
         <property name="katalonVersion" value="5.4.1.1"/>
      </properties>
      <testcase name="Test Cases/Verify all side menus  and links  are displayed correctly" classname="Test Cases/Verify all side menus  and links  are displayed correctly" status="ERROR">
         <error type="ERROR" message="Test Cases/Verify all side menus  and links  are displayed correctly FAILED because (of) java.lang.ClassFormatError: Illegal method name &quot;browserHelper.TOTP.getCode&quot; in class CustomKeywords"/>
         <system-out><![CDATA[2018-05-12 18:28:01 - [TEST_CASE][ERROR] - Test Cases/Verify all side menus  and links  are displayed correctly: Test Cases/Verify all side menus  and links  are displayed correctly FAILED because (of) java.lang.ClassFormatError: Illegal method name "browserHelper.TOTP.getCode" in class CustomKeywords]]></system-out>
         <system-err><![CDATA[2018-05-12 18:28:01 - [TEST_CASE][ERROR] - Test Cases/Verify all side menus  and links  are displayed correctly: Test Cases/Verify all side menus  and links  are displayed correctly FAILED because (of) java.lang.ClassFormatError: Illegal method name "browserHelper.TOTP.getCode" in class CustomKeywords]]></system-err>
      </testcase>
      <system-out><![CDATA[2018-05-12 18:27:58 - [TEST_SUITE][ERROR] - New Test Suite: Test Cases/Verify all side menus  and links  are displayed correctly FAILED because (of) java.lang.ClassFormatError: Illegal method name "browserHelper.TOTP.getCode" in class CustomKeywords]]></system-out>
      <system-err><![CDATA[2018-05-12 18:27:58 - [TEST_SUITE][ERROR] - New Test Suite: Test Cases/Verify all side menus  and links  are displayed correctly FAILED because (of) java.lang.ClassFormatError: Illegal method name "browserHelper.TOTP.getCode" in class CustomKeywords]]></system-err>
   </testsuite>
</testsuites>
